p/objeto_58.jpg 1 0 0 38 46
p/objeto_57.jpg 1 0 0 38 46
p/objeto_56.jpg 1 0 0 38 46
p/objeto_55.jpg 1 0 0 38 46
p/objeto_54.jpg 1 0 0 38 46
p/objeto_53.jpg 1 0 0 38 46
p/objeto_52.jpg 1 0 0 38 46
p/objeto_51.jpg 1 0 0 38 46
p/objeto_50.jpg 1 0 0 38 46
p/objeto_49.jpg 1 0 0 38 46
p/objeto_48.jpg 1 0 0 38 46
p/objeto_47.jpg 1 0 0 38 46
p/objeto_46.jpg 1 0 0 38 46
p/objeto_45.jpg 1 0 0 38 46
p/objeto_44.jpg 1 0 0 38 46
p/objeto_43.jpg 1 0 0 38 46
p/objeto_42.jpg 1 0 0 38 46
p/objeto_41.jpg 1 0 0 38 46
p/objeto_40.jpg 1 0 0 38 46
p/objeto_39.jpg 1 0 0 38 46
p/objeto_38.jpg 1 0 0 38 46
p/objeto_37.jpg 1 0 0 38 46
p/objeto_36.jpg 1 0 0 38 46
p/objeto_35.jpg 1 0 0 38 46
p/objeto_34.jpg 1 0 0 38 46
p/objeto_33.jpg 1 0 0 38 46
p/objeto_32.jpg 1 0 0 38 46
p/objeto_31.jpg 1 0 0 38 46
p/objeto_30.jpg 1 0 0 38 46
p/objeto_29.jpg 1 0 0 38 46
p/objeto_28.jpg 1 0 0 38 46
p/objeto_27.jpg 1 0 0 38 46
p/objeto_26.jpg 1 0 0 38 46
p/objeto_25.jpg 1 0 0 38 46
p/objeto_24.jpg 1 0 0 38 46
p/objeto_23.jpg 1 0 0 38 46
p/objeto_22.jpg 1 0 0 38 46
p/objeto_21.jpg 1 0 0 38 46
p/objeto_20.jpg 1 0 0 38 46
p/objeto_19.jpg 1 0 0 38 46
p/objeto_18.jpg 1 0 0 38 46
p/objeto_17.jpg 1 0 0 38 46
p/objeto_16.jpg 1 0 0 38 46
p/objeto_15.jpg 1 0 0 38 46
p/objeto_14.jpg 1 0 0 38 46
p/objeto_13.jpg 1 0 0 38 46
p/objeto_12.jpg 1 0 0 38 46
p/objeto_11.jpg 1 0 0 38 46
p/objeto_10.jpg 1 0 0 38 46
p/objeto_9.jpg 1 0 0 38 46
p/objeto_8.jpg 1 0 0 38 46
p/objeto_7.jpg 1 0 0 38 46
p/objeto_6.jpg 1 0 0 38 46
p/objeto_5.jpg 1 0 0 38 46
p/objeto_4.jpg 1 0 0 38 46
p/objeto_3.jpg 1 0 0 38 46
p/objeto_2.jpg 1 0 0 38 46
p/objeto_1.jpg 1 0 0 38 46
p/objeto_0.jpg 1 0 0 38 46
p/objeto_82.jpg 1 0 0 38 46
p/objeto_81.jpg 1 0 0 38 46
p/objeto_80.jpg 1 0 0 38 46
p/objeto_79.jpg 1 0 0 38 46
p/objeto_78.jpg 1 0 0 38 46
p/objeto_77.jpg 1 0 0 38 46
p/objeto_76.jpg 1 0 0 38 46
p/objeto_75.jpg 1 0 0 38 46
p/objeto_74.jpg 1 0 0 38 46
p/objeto_73.jpg 1 0 0 38 46
p/objeto_72.jpg 1 0 0 38 46
p/objeto_71.jpg 1 0 0 38 46
p/objeto_70.jpg 1 0 0 38 46
p/objeto_69.jpg 1 0 0 38 46
p/objeto_68.jpg 1 0 0 38 46
p/objeto_67.jpg 1 0 0 38 46
p/objeto_66.jpg 1 0 0 38 46
p/objeto_65.jpg 1 0 0 38 46
p/objeto_64.jpg 1 0 0 38 46
p/objeto_63.jpg 1 0 0 38 46
p/objeto_62.jpg 1 0 0 38 46
p/objeto_61.jpg 1 0 0 38 46
p/objeto_60.jpg 1 0 0 38 46
p/objeto_59.jpg 1 0 0 38 46
p/objeto_439.jpg 1 0 0 38 46
p/objeto_438.jpg 1 0 0 38 46
p/objeto_437.jpg 1 0 0 38 46
p/objeto_436.jpg 1 0 0 38 46
p/objeto_435.jpg 1 0 0 38 46
p/objeto_434.jpg 1 0 0 38 46
p/objeto_433.jpg 1 0 0 38 46
p/objeto_432.jpg 1 0 0 38 46
p/objeto_431.jpg 1 0 0 38 46
p/objeto_430.jpg 1 0 0 38 46
p/objeto_429.jpg 1 0 0 38 46
p/objeto_428.jpg 1 0 0 38 46
p/objeto_427.jpg 1 0 0 38 46
p/objeto_426.jpg 1 0 0 38 46
p/objeto_425.jpg 1 0 0 38 46
p/objeto_424.jpg 1 0 0 38 46
p/objeto_423.jpg 1 0 0 38 46
p/objeto_422.jpg 1 0 0 38 46
p/objeto_421.jpg 1 0 0 38 46
p/objeto_420.jpg 1 0 0 38 46
p/objeto_419.jpg 1 0 0 38 46
p/objeto_418.jpg 1 0 0 38 46
p/objeto_417.jpg 1 0 0 38 46
p/objeto_416.jpg 1 0 0 38 46
p/objeto_415.jpg 1 0 0 38 46
p/objeto_414.jpg 1 0 0 38 46
p/objeto_413.jpg 1 0 0 38 46
p/objeto_412.jpg 1 0 0 38 46
p/objeto_411.jpg 1 0 0 38 46
p/objeto_410.jpg 1 0 0 38 46
p/objeto_409.jpg 1 0 0 38 46
p/objeto_408.jpg 1 0 0 38 46
p/objeto_407.jpg 1 0 0 38 46
p/objeto_406.jpg 1 0 0 38 46
p/objeto_405.jpg 1 0 0 38 46
p/objeto_404.jpg 1 0 0 38 46
p/objeto_403.jpg 1 0 0 38 46
p/objeto_402.jpg 1 0 0 38 46
p/objeto_401.jpg 1 0 0 38 46
p/objeto_400.jpg 1 0 0 38 46
p/objeto_399.jpg 1 0 0 38 46
p/objeto_398.jpg 1 0 0 38 46
p/objeto_397.jpg 1 0 0 38 46
p/objeto_396.jpg 1 0 0 38 46
p/objeto_395.jpg 1 0 0 38 46
p/objeto_394.jpg 1 0 0 38 46
p/objeto_393.jpg 1 0 0 38 46
p/objeto_392.jpg 1 0 0 38 46
p/objeto_391.jpg 1 0 0 38 46
p/objeto_390.jpg 1 0 0 38 46
p/objeto_389.jpg 1 0 0 38 46
p/objeto_388.jpg 1 0 0 38 46
p/objeto_387.jpg 1 0 0 38 46
p/objeto_386.jpg 1 0 0 38 46
p/objeto_385.jpg 1 0 0 38 46
p/objeto_384.jpg 1 0 0 38 46
p/objeto_383.jpg 1 0 0 38 46
p/objeto_382.jpg 1 0 0 38 46
p/objeto_381.jpg 1 0 0 38 46
p/objeto_380.jpg 1 0 0 38 46
p/objeto_379.jpg 1 0 0 38 46
p/objeto_378.jpg 1 0 0 38 46
p/objeto_377.jpg 1 0 0 38 46
p/objeto_376.jpg 1 0 0 38 46
p/objeto_375.jpg 1 0 0 38 46
p/objeto_374.jpg 1 0 0 38 46
p/objeto_373.jpg 1 0 0 38 46
p/objeto_372.jpg 1 0 0 38 46
p/objeto_371.jpg 1 0 0 38 46
p/objeto_370.jpg 1 0 0 38 46
p/objeto_369.jpg 1 0 0 38 46
p/objeto_368.jpg 1 0 0 38 46
p/objeto_367.jpg 1 0 0 38 46
p/objeto_366.jpg 1 0 0 38 46
p/objeto_365.jpg 1 0 0 38 46
p/objeto_364.jpg 1 0 0 38 46
p/objeto_363.jpg 1 0 0 38 46
p/objeto_362.jpg 1 0 0 38 46
p/objeto_361.jpg 1 0 0 38 46
p/objeto_360.jpg 1 0 0 38 46
p/objeto_359.jpg 1 0 0 38 46
p/objeto_358.jpg 1 0 0 38 46
p/objeto_357.jpg 1 0 0 38 46
p/objeto_356.jpg 1 0 0 38 46
p/objeto_355.jpg 1 0 0 38 46
p/objeto_354.jpg 1 0 0 38 46
p/objeto_353.jpg 1 0 0 38 46
p/objeto_352.jpg 1 0 0 38 46
p/objeto_351.jpg 1 0 0 38 46
p/objeto_350.jpg 1 0 0 38 46
p/objeto_349.jpg 1 0 0 38 46
p/objeto_348.jpg 1 0 0 38 46
p/objeto_347.jpg 1 0 0 38 46
p/objeto_346.jpg 1 0 0 38 46
p/objeto_345.jpg 1 0 0 38 46
p/objeto_344.jpg 1 0 0 38 46
p/objeto_343.jpg 1 0 0 38 46
p/objeto_342.jpg 1 0 0 38 46
p/objeto_341.jpg 1 0 0 38 46
p/objeto_340.jpg 1 0 0 38 46
p/objeto_339.jpg 1 0 0 38 46
p/objeto_338.jpg 1 0 0 38 46
p/objeto_337.jpg 1 0 0 38 46
p/objeto_336.jpg 1 0 0 38 46
p/objeto_335.jpg 1 0 0 38 46
p/objeto_334.jpg 1 0 0 38 46
p/objeto_333.jpg 1 0 0 38 46
p/objeto_332.jpg 1 0 0 38 46
p/objeto_331.jpg 1 0 0 38 46
p/objeto_330.jpg 1 0 0 38 46
p/objeto_329.jpg 1 0 0 38 46
p/objeto_328.jpg 1 0 0 38 46
p/objeto_327.jpg 1 0 0 38 46
p/objeto_326.jpg 1 0 0 38 46
p/objeto_325.jpg 1 0 0 38 46
p/objeto_324.jpg 1 0 0 38 46
p/objeto_323.jpg 1 0 0 38 46
p/objeto_322.jpg 1 0 0 38 46
p/objeto_321.jpg 1 0 0 38 46
p/objeto_320.jpg 1 0 0 38 46
p/objeto_319.jpg 1 0 0 38 46
p/objeto_318.jpg 1 0 0 38 46
p/objeto_317.jpg 1 0 0 38 46
p/objeto_316.jpg 1 0 0 38 46
p/objeto_315.jpg 1 0 0 38 46
p/objeto_314.jpg 1 0 0 38 46
p/objeto_313.jpg 1 0 0 38 46
p/objeto_312.jpg 1 0 0 38 46
p/objeto_311.jpg 1 0 0 38 46
p/objeto_310.jpg 1 0 0 38 46
p/objeto_309.jpg 1 0 0 38 46
p/objeto_308.jpg 1 0 0 38 46
p/objeto_307.jpg 1 0 0 38 46
p/objeto_306.jpg 1 0 0 38 46
p/objeto_305.jpg 1 0 0 38 46
p/objeto_304.jpg 1 0 0 38 46
p/objeto_303.jpg 1 0 0 38 46
p/objeto_302.jpg 1 0 0 38 46
p/objeto_301.jpg 1 0 0 38 46
p/objeto_300.jpg 1 0 0 38 46
p/objeto_299.jpg 1 0 0 38 46
p/objeto_298.jpg 1 0 0 38 46
p/objeto_297.jpg 1 0 0 38 46
p/objeto_296.jpg 1 0 0 38 46
p/objeto_295.jpg 1 0 0 38 46
p/objeto_294.jpg 1 0 0 38 46
p/objeto_293.jpg 1 0 0 38 46
p/objeto_292.jpg 1 0 0 38 46
p/objeto_291.jpg 1 0 0 38 46
p/objeto_290.jpg 1 0 0 38 46
p/objeto_289.jpg 1 0 0 38 46
p/objeto_288.jpg 1 0 0 38 46
p/objeto_287.jpg 1 0 0 38 46
p/objeto_286.jpg 1 0 0 38 46
p/objeto_285.jpg 1 0 0 38 46
p/objeto_284.jpg 1 0 0 38 46
p/objeto_283.jpg 1 0 0 38 46
p/objeto_282.jpg 1 0 0 38 46
p/objeto_281.jpg 1 0 0 38 46
p/objeto_280.jpg 1 0 0 38 46
p/objeto_279.jpg 1 0 0 38 46
p/objeto_278.jpg 1 0 0 38 46
p/objeto_277.jpg 1 0 0 38 46
p/objeto_276.jpg 1 0 0 38 46
p/objeto_275.jpg 1 0 0 38 46
p/objeto_274.jpg 1 0 0 38 46
p/objeto_273.jpg 1 0 0 38 46
p/objeto_272.jpg 1 0 0 38 46
p/objeto_271.jpg 1 0 0 38 46
p/objeto_270.jpg 1 0 0 38 46
p/objeto_269.jpg 1 0 0 38 46
p/objeto_268.jpg 1 0 0 38 46
p/objeto_267.jpg 1 0 0 38 46
p/objeto_266.jpg 1 0 0 38 46
p/objeto_265.jpg 1 0 0 38 46
p/objeto_264.jpg 1 0 0 38 46
p/objeto_263.jpg 1 0 0 38 46
p/objeto_262.jpg 1 0 0 38 46
p/objeto_261.jpg 1 0 0 38 46
p/objeto_260.jpg 1 0 0 38 46
p/objeto_259.jpg 1 0 0 38 46
p/objeto_258.jpg 1 0 0 38 46
p/objeto_257.jpg 1 0 0 38 46
p/objeto_256.jpg 1 0 0 38 46
p/objeto_255.jpg 1 0 0 38 46
p/objeto_254.jpg 1 0 0 38 46
p/objeto_253.jpg 1 0 0 38 46
p/objeto_252.jpg 1 0 0 38 46
p/objeto_251.jpg 1 0 0 38 46
p/objeto_250.jpg 1 0 0 38 46
p/objeto_249.jpg 1 0 0 38 46
p/objeto_248.jpg 1 0 0 38 46
p/objeto_247.jpg 1 0 0 38 46
p/objeto_246.jpg 1 0 0 38 46
p/objeto_245.jpg 1 0 0 38 46
p/objeto_244.jpg 1 0 0 38 46
p/objeto_243.jpg 1 0 0 38 46
p/objeto_242.jpg 1 0 0 38 46
p/objeto_241.jpg 1 0 0 38 46
p/objeto_240.jpg 1 0 0 38 46
p/objeto_239.jpg 1 0 0 38 46
p/objeto_238.jpg 1 0 0 38 46
p/objeto_237.jpg 1 0 0 38 46
p/objeto_236.jpg 1 0 0 38 46
p/objeto_235.jpg 1 0 0 38 46
p/objeto_234.jpg 1 0 0 38 46
p/objeto_233.jpg 1 0 0 38 46
p/objeto_232.jpg 1 0 0 38 46
p/objeto_231.jpg 1 0 0 38 46
p/objeto_230.jpg 1 0 0 38 46
p/objeto_229.jpg 1 0 0 38 46
p/objeto_228.jpg 1 0 0 38 46
p/objeto_227.jpg 1 0 0 38 46
p/objeto_226.jpg 1 0 0 38 46
p/objeto_225.jpg 1 0 0 38 46
p/objeto_224.jpg 1 0 0 38 46
p/objeto_223.jpg 1 0 0 38 46
p/objeto_222.jpg 1 0 0 38 46
p/objeto_221.jpg 1 0 0 38 46
p/objeto_220.jpg 1 0 0 38 46
p/objeto_219.jpg 1 0 0 38 46
p/objeto_218.jpg 1 0 0 38 46
p/objeto_217.jpg 1 0 0 38 46
p/objeto_216.jpg 1 0 0 38 46
p/objeto_215.jpg 1 0 0 38 46
p/objeto_214.jpg 1 0 0 38 46
p/objeto_213.jpg 1 0 0 38 46
p/objeto_212.jpg 1 0 0 38 46
p/objeto_211.jpg 1 0 0 38 46
p/objeto_210.jpg 1 0 0 38 46
p/objeto_209.jpg 1 0 0 38 46
p/objeto_208.jpg 1 0 0 38 46
p/objeto_207.jpg 1 0 0 38 46
p/objeto_206.jpg 1 0 0 38 46
p/objeto_205.jpg 1 0 0 38 46
p/objeto_204.jpg 1 0 0 38 46
p/objeto_203.jpg 1 0 0 38 46
p/objeto_202.jpg 1 0 0 38 46
p/objeto_201.jpg 1 0 0 38 46
p/objeto_200.jpg 1 0 0 38 46
p/objeto_199.jpg 1 0 0 38 46
p/objeto_198.jpg 1 0 0 38 46
p/objeto_197.jpg 1 0 0 38 46
p/objeto_196.jpg 1 0 0 38 46
p/objeto_195.jpg 1 0 0 38 46
p/objeto_194.jpg 1 0 0 38 46
p/objeto_193.jpg 1 0 0 38 46
p/objeto_192.jpg 1 0 0 38 46
p/objeto_191.jpg 1 0 0 38 46
p/objeto_190.jpg 1 0 0 38 46
p/objeto_189.jpg 1 0 0 38 46
p/objeto_188.jpg 1 0 0 38 46
p/objeto_187.jpg 1 0 0 38 46
p/objeto_186.jpg 1 0 0 38 46
p/objeto_185.jpg 1 0 0 38 46
p/objeto_184.jpg 1 0 0 38 46
p/objeto_183.jpg 1 0 0 38 46
p/objeto_182.jpg 1 0 0 38 46
p/objeto_181.jpg 1 0 0 38 46
p/objeto_180.jpg 1 0 0 38 46
p/objeto_179.jpg 1 0 0 38 46
p/objeto_178.jpg 1 0 0 38 46
p/objeto_177.jpg 1 0 0 38 46
p/objeto_176.jpg 1 0 0 38 46
p/objeto_175.jpg 1 0 0 38 46
p/objeto_174.jpg 1 0 0 38 46
p/objeto_173.jpg 1 0 0 38 46
p/objeto_172.jpg 1 0 0 38 46
p/objeto_171.jpg 1 0 0 38 46
p/objeto_170.jpg 1 0 0 38 46
p/objeto_169.jpg 1 0 0 38 46
p/objeto_168.jpg 1 0 0 38 46
p/objeto_167.jpg 1 0 0 38 46
p/objeto_166.jpg 1 0 0 38 46
p/objeto_165.jpg 1 0 0 38 46
p/objeto_164.jpg 1 0 0 38 46
p/objeto_163.jpg 1 0 0 38 46
p/objeto_162.jpg 1 0 0 38 46
p/objeto_161.jpg 1 0 0 38 46
p/objeto_160.jpg 1 0 0 38 46
p/objeto_159.jpg 1 0 0 38 46
p/objeto_158.jpg 1 0 0 38 46
p/objeto_157.jpg 1 0 0 38 46
p/objeto_156.jpg 1 0 0 38 46
p/objeto_155.jpg 1 0 0 38 46
p/objeto_154.jpg 1 0 0 38 46
p/objeto_153.jpg 1 0 0 38 46
p/objeto_152.jpg 1 0 0 38 46
p/objeto_151.jpg 1 0 0 38 46
p/objeto_150.jpg 1 0 0 38 46
p/objeto_149.jpg 1 0 0 38 46
p/objeto_148.jpg 1 0 0 38 46
p/objeto_147.jpg 1 0 0 38 46
p/objeto_146.jpg 1 0 0 38 46
p/objeto_145.jpg 1 0 0 38 46
p/objeto_144.jpg 1 0 0 38 46
p/objeto_143.jpg 1 0 0 38 46
p/objeto_142.jpg 1 0 0 38 46
p/objeto_141.jpg 1 0 0 38 46
p/objeto_140.jpg 1 0 0 38 46
p/objeto_139.jpg 1 0 0 38 46
p/objeto_138.jpg 1 0 0 38 46
p/objeto_137.jpg 1 0 0 38 46
p/objeto_136.jpg 1 0 0 38 46
p/objeto_135.jpg 1 0 0 38 46
p/objeto_134.jpg 1 0 0 38 46
p/objeto_133.jpg 1 0 0 38 46
p/objeto_132.jpg 1 0 0 38 46
p/objeto_131.jpg 1 0 0 38 46
p/objeto_130.jpg 1 0 0 38 46
p/objeto_129.jpg 1 0 0 38 46
p/objeto_128.jpg 1 0 0 38 46
p/objeto_127.jpg 1 0 0 38 46
p/objeto_126.jpg 1 0 0 38 46
p/objeto_125.jpg 1 0 0 38 46
p/objeto_124.jpg 1 0 0 38 46
p/objeto_123.jpg 1 0 0 38 46
p/objeto_122.jpg 1 0 0 38 46
p/objeto_121.jpg 1 0 0 38 46
p/objeto_120.jpg 1 0 0 38 46
p/objeto_119.jpg 1 0 0 38 46
p/objeto_118.jpg 1 0 0 38 46
p/objeto_117.jpg 1 0 0 38 46
p/objeto_116.jpg 1 0 0 38 46
p/objeto_115.jpg 1 0 0 38 46
p/objeto_114.jpg 1 0 0 38 46
p/objeto_113.jpg 1 0 0 38 46
p/objeto_112.jpg 1 0 0 38 46
p/objeto_111.jpg 1 0 0 38 46
p/objeto_110.jpg 1 0 0 38 46
p/objeto_109.jpg 1 0 0 38 46
p/objeto_108.jpg 1 0 0 38 46
p/objeto_107.jpg 1 0 0 38 46
p/objeto_106.jpg 1 0 0 38 46
p/objeto_105.jpg 1 0 0 38 46
p/objeto_104.jpg 1 0 0 38 46
p/objeto_103.jpg 1 0 0 38 46
p/objeto_102.jpg 1 0 0 38 46
p/objeto_101.jpg 1 0 0 38 46
p/objeto_100.jpg 1 0 0 38 46
p/objeto_99.jpg 1 0 0 38 46
p/objeto_98.jpg 1 0 0 38 46
p/objeto_97.jpg 1 0 0 38 46
p/objeto_96.jpg 1 0 0 38 46
p/objeto_95.jpg 1 0 0 38 46
p/objeto_94.jpg 1 0 0 38 46
p/objeto_93.jpg 1 0 0 38 46
p/objeto_92.jpg 1 0 0 38 46
p/objeto_91.jpg 1 0 0 38 46
p/objeto_90.jpg 1 0 0 38 46
p/objeto_89.jpg 1 0 0 38 46
p/objeto_88.jpg 1 0 0 38 46
p/objeto_87.jpg 1 0 0 38 46
p/objeto_86.jpg 1 0 0 38 46
p/objeto_85.jpg 1 0 0 38 46
p/objeto_84.jpg 1 0 0 38 46
p/objeto_83.jpg 1 0 0 38 46